<?xml version="1.0" encoding="UTF-8"?>
<!-- Generated by org.testng.reporters.JUnitXMLReporter -->
<testsuite hostname="DESKTOP-AMOHKHO" name="Registration" tests="4" failures="2" timestamp="6 Mar 2017 04:55:05 GMT" time="39.575" errors="0">
  <testcase name="UserLogin" time="23.505" classname="com.Puma_Steps.Loginsteps"/>
  <testcase name="UserLogin" time="23.505" classname="com.Puma_Steps.Loginsteps"/>
  <testcase name="usermyaccount" time="0.003" classname="com.Puma_Steps.Myaccountsteps">
    <failure type="java.lang.NullPointerException">
      <![CDATA[java.lang.NullPointerException
	at org.openqa.selenium.interactions.Actions.<init>(Actions.java:44)
	at com.Puma_Pages.PageUtilities.mouseOver(PageUtilities.java:185)
	at com.Puma_Pages.Myaccount.customer_Myaccount(Myaccount.java:24)
	at com.Puma_Steps.Myaccountsteps.usermyaccount(Myaccountsteps.java:24)
... Removed 25 stack frames]]>
    </failure>
  </testcase> <!-- usermyaccount -->
  <testcase name="usermyaccount" time="0.003" classname="com.Puma_Steps.Myaccountsteps">
    <failure type="java.lang.NullPointerException">
      <![CDATA[java.lang.NullPointerException
	at org.openqa.selenium.interactions.Actions.<init>(Actions.java:44)
	at com.Puma_Pages.PageUtilities.mouseOver(PageUtilities.java:185)
	at com.Puma_Pages.Myaccount.customer_Myaccount(Myaccount.java:24)
	at com.Puma_Steps.Myaccountsteps.usermyaccount(Myaccountsteps.java:24)
... Removed 25 stack frames]]>
    </failure>
  </testcase> <!-- usermyaccount -->
</testsuite> <!-- Registration -->
