<?xml version="1.0" encoding="UTF-8"?>
<!-- Generated by org.testng.reporters.JUnitXMLReporter -->
<testsuite hostname="DESKTOP-AMOHKHO" name="Regression" tests="4" failures="0" timestamp="3 Aug 2017 06:41:01 GMT" time="69.613" errors="0">
  <testcase name="plppage" time="11.509" classname="com.Puma_Steps.PLPsteps"/>
  <testcase name="plppage" time="11.509" classname="com.Puma_Steps.PLPsteps"/>
  <testcase name="quantitychange" time="38.11" classname="com.Puma_Steps.PDP_steps"/>
  <testcase name="quantitychange" time="38.11" classname="com.Puma_Steps.PDP_steps"/>
</testsuite> <!-- Regression -->
